<?xml version="1.0" encoding="UTF-8"?>
<robot generator="Robot 3.1.2 (Python 3.8.1 on win32)" generated="20200902 07:51:13.557" rpa="false">
<suite id="s1" name="Tc" source="C:\Users\honzik\documents\projects\githubworkshop\robotframework\tc.robot">
<test id="s1-t1" name="LogIn to webPage">
<kw name="Start browser" library="keywords">
<kw name="Open Browser" library="SeleniumLibrary">
<doc>Opens a new browser instance to the given ``url``.</doc>
<arguments>
<arg>${URL_WEB}</arg>
<arg>${BROWSER}</arg>
</arguments>
<msg timestamp="20200902 07:51:13.976" level="INFO">Opening browser 'Chrome' to base url 'https://procesor2017.github.io/gitHubWorkShop/'.</msg>
<status status="PASS" starttime="20200902 07:51:13.975" endtime="20200902 07:51:17.297"></status>
</kw>
<status status="PASS" starttime="20200902 07:51:13.975" endtime="20200902 07:51:17.297"></status>
</kw>
<kw name="Input logIn and password" library="keywords">
<kw name="Wait Until Element Is Visible" library="SeleniumLibrary">
<doc>Waits until element ``locator`` is visible.</doc>
<arguments>
<arg>${INPUT_USER_NAME}</arg>
</arguments>
<status status="PASS" starttime="20200902 07:51:17.298" endtime="20200902 07:51:17.321"></status>
</kw>
<kw name="Input Text" library="SeleniumLibrary">
<doc>Types the given ``text`` into text field identified by ``locator``.</doc>
<arguments>
<arg>${INPUT_USER_NAME}</arg>
<arg>${USER_NAME}</arg>
</arguments>
<msg timestamp="20200902 07:51:17.321" level="INFO">Typing text 'Batman' into text field '//*[@name="user"]'.</msg>
<status status="PASS" starttime="20200902 07:51:17.321" endtime="20200902 07:51:17.406"></status>
</kw>
<kw name="Wait Until Element Is Visible" library="SeleniumLibrary">
<doc>Waits until element ``locator`` is visible.</doc>
<arguments>
<arg>${INPUT_PASSWORD}</arg>
</arguments>
<status status="PASS" starttime="20200902 07:51:17.406" endtime="20200902 07:51:17.424"></status>
</kw>
<kw name="Input Text" library="SeleniumLibrary">
<doc>Types the given ``text`` into text field identified by ``locator``.</doc>
<arguments>
<arg>${INPUT_PASSWORD}</arg>
<arg>${PASSWORD}</arg>
</arguments>
<msg timestamp="20200902 07:51:17.424" level="INFO">Typing text 'isAwesome' into text field '//*[@name="password"]'.</msg>
<status status="PASS" starttime="20200902 07:51:17.424" endtime="20200902 07:51:17.590"></status>
</kw>
<status status="PASS" starttime="20200902 07:51:17.297" endtime="20200902 07:51:17.590"></status>
</kw>
<kw name="Click on logIn" library="keywords">
<kw name="Wait Until Element Is Visible" library="SeleniumLibrary">
<doc>Waits until element ``locator`` is visible.</doc>
<arguments>
<arg>${LOGIN}</arg>
</arguments>
<status status="PASS" starttime="20200902 07:51:17.591" endtime="20200902 07:51:17.608"></status>
</kw>
<kw name="Click Element" library="SeleniumLibrary">
<doc>Click element identified by ``locator``.</doc>
<arguments>
<arg>${LOGIN}</arg>
</arguments>
<msg timestamp="20200902 07:51:17.608" level="INFO">Clicking element '//*[@class='login']/form/input'.</msg>
<status status="PASS" starttime="20200902 07:51:17.608" endtime="20200902 07:51:17.882"></status>
</kw>
<status status="PASS" starttime="20200902 07:51:17.591" endtime="20200902 07:51:17.882"></status>
</kw>
<tags>
<tag>TC02</tag>
<tag>WEB</tag>
</tags>
<status status="PASS" starttime="20200902 07:51:13.974" endtime="20200902 07:51:17.883" critical="yes"></status>
</test>
<status status="PASS" starttime="20200902 07:51:13.558" endtime="20200902 07:51:17.884"></status>
</suite>
<statistics>
<total>
<stat pass="1" fail="0">Critical Tests</stat>
<stat pass="1" fail="0">All Tests</stat>
</total>
<tag>
<stat pass="1" fail="0">TC02</stat>
<stat pass="1" fail="0">WEB</stat>
</tag>
<suite>
<stat pass="1" fail="0" id="s1" name="Tc">Tc</stat>
</suite>
</statistics>
<errors>
</errors>
</robot>
